Apps/Vendor/New Owners/build/app/outputs/mapping/release/seeds.txt
online.edentech.fuodzvendor.MainActivity
online.edentech.fuodzvendor.MainActivity: MainActivity()
...
androidx.appcompat.widget.AppCompatSpinner: void setPopupBackgroundResource(int)
androidx.appcompat.widget.AppCompatImageView: void setImageDrawable(android.graphics.drawable.Drawable)
kotlinx.coroutines.scheduling.CoroutineScheduler: long parkedWorkersStack
com.google.firestore.v1.StructuredQuery: int END_AT_FIELD_NUMBER
androidx.window.embedding.ActivityFilter: java.lang.String getIntentAction()
androidx.window.embedding.ExtensionEmbeddingBackend$SplitListenerWrapper: java.util.concurrent.Executor executor
kotlinx.coroutines.android.HandlerDispatcherKt: android.view.Choreographer choreographer
com.google.firebase.firestore.LoadBundleTaskProgress$TaskState: com.google.firebase.firestore.LoadBundleTaskProgress$TaskState[] values()
androidx.core.view.ViewCompat$Api16Impl: android.view.ViewParent getParentForAccessibility(android.view.View)
androidx.window.layout.SidecarCompat$FirstAttachAdapter: void onViewAttachedToWindow(android.view.View)
io.flutter.embedding.engine.FlutterJNI: void setPlatformViewsController(io.flutter.plugin.platform.PlatformViewsController)
io.flutter.embedding.engine.FlutterJNI: boolean isCodePointRegionalIndicator(int)
io.flutter.embedding.android.FlutterSplashView$SavedState: android.os.Bundle access$700(io.flutter.embedding.android.FlutterSplashView$SavedState)
com.journeyapps.barcodescanner.DecoratedBarcodeView: DecoratedBarcodeView(android.content.Context,android.util.AttributeSet)
io.flutter.embedding.engine.renderer.FlutterRenderer$DisplayFeatureType: io.flutter.embedding.engine.renderer.FlutterRenderer$DisplayFeatureType[] values()
io.grpc.okhttp.internal.framed.HeadersMode: io.grpc.okhttp.internal.framed.HeadersMode valueOf(java.lang.String)
io.flutter.embedding.engine.FlutterJNI: boolean nativeFlutterTextUtilsIsRegionalIndicator(int)
com.google.firebase.firestore.proto.Target: int LAST_LISTEN_SEQUENCE_NUMBER_FIELD_NUMBER
com.google.android.gms.internal.firebase-auth-api.zzfx
androidx.window.layout.HardwareFoldingFeature: androidx.window.core.Bounds featureBounds
io.grpc.okhttp.internal.CipherSuite: io.grpc.okhttp.internal.CipherSuite valueOf(java.lang.String)
com.dexterous.flutterlocalnotifications.models.NotificationDetails: NotificationDetails()
com.google.android.gms.internal.firebase-auth-api.zzjc
androidx.appcompat.widget.AppCompatTextView: android.graphics.PorterDuff$Mode getSupportBackgroundTintMode()
kotlinx.coroutines.scheduling.CoroutineScheduler$Worker: int workerCtl
com.google.firestore.v1.DocumentRemove
androidx.appcompat.widget.LinearLayoutCompat: int getShowDividers()
androidx.window.R$id: int ltr
com.google.gson.stream.JsonToken: com.google.gson.stream.JsonToken valueOf(java.lang.String)
com.dexterous.flutterlocalnotifications.FlutterLocalNotificationsPlugin: java.lang.String ZONED_SCHEDULE_METHOD
org.threeten.bp.Instant: java.lang.Object readResolve()
com.dexterous.flutterlocalnotifications.models.NotificationChannelDetails: java.lang.String ENABLE_LIGHTS
com.google.firebase.firestore.util.AsyncQueue$TimerId: com.google.firebase.firestore.util.AsyncQueue$TimerId[] values()
org.threeten.bp.chrono.JapaneseChronology: java.lang.Object readResolve()
androidx.appcompat.widget.SearchView: int getSuggestionRowLayout()
com.google.firestore.v1.BatchGetDocumentsRequest: int READ_TIME_FIELD_NUMBER
com.dexterous.flutterlocalnotifications.models.NotificationDetails: java.lang.Integer progress
com.dexterous.flutterlocalnotifications.models.NotificationDetails: com.dexterous.flutterlocalnotifications.models.DateTimeComponents matchDateTimeComponents
com.google.android.gms.common.internal.safeparcel.SafeParcelable: java.lang.String NULL
com.dexterous.flutterlocalnotifications.FlutterLocalNotificationsPlugin: androidx.core.app.Person buildPerson(android.content.Context,com.dexterous.flutterlocalnotifications.models.PersonDetails)
com.google.firebase.firestore.core.UserData$Source: com.google.firebase.firestore.core.UserData$Source[] values()