Apps/Vendor/New Owners/build/app/outputs/mapping/release/mapping.txt
# compiler: R8
# compiler_version: 2.1.75
# min_api: 23
# pg_map_id: 861a034
# common_typos_disable
online.edentech.fuodzvendor.-$$Lambda$MainActivity$c-J157PlRfOwPxK8_bPutELWW7A -> online.edentech.fuodzvendor.a:
    online.edentech.fuodzvendor.MainActivity f$0 -> f
online.edentech.fuodzvendor.MainActivity -> online.edentech.fuodzvendor.MainActivity:
    java.lang.String CHANNEL -> i
    void configureFlutterEngine$lambda-0(online.edentech.fuodzvendor.MainActivity,io.flutter.plugin.common.MethodCall,io.flutter.plugin.common.MethodChannel$Result) -> L
    void deleteNotificationChannel(java.lang.String) -> M
    java.util.List getNotificationChannels() -> N
    void lambda$c-J157PlRfOwPxK8_bPutELWW7A(online.edentech.fuodzvendor.MainActivity,io.flutter.plugin.common.MethodCall,io.flutter.plugin.common.MethodChannel$Result) -> O
    void configureFlutterEngine(io.flutter.embedding.engine.FlutterEngine) -> z
...
android.support.v4.media.session.IMediaSession$Stub -> android.support.v4.media.session.b$a:
    android.support.v4.media.session.IMediaSession asInterface(android.os.IBinder) -> h
android.support.v4.media.session.IMediaSession$Stub$Proxy -> android.support.v4.media.session.b$a$a:
    android.os.IBinder mRemote -> a
    void registerCallbackListener(android.support.v4.media.session.IMediaControllerCallback) -> E
android.support.v4.media.session.MediaControllerCompat -> android.support.v4.media.session.MediaControllerCompat:
    android.support.v4.media.session.MediaSessionCompat$Token mToken -> a
android.support.v4.media.session.MediaControllerCompat$Callback -> android.support.v4.media.session.MediaControllerCompat$a:
    android.support.v4.media.session.MediaControllerCompat$Callback$MessageHandler mHandler -> a
    android.support.v4.media.session.IMediaControllerCallback mIControllerCallback -> b
    void onAudioInfoChanged(android.support.v4.media.session.MediaControllerCompat$PlaybackInfo) -> a
    void onExtrasChanged(android.os.Bundle) -> b
    void onMetadataChanged(android.support.v4.media.MediaMetadataCompat) -> c
    void onPlaybackStateChanged(android.support.v4.media.session.PlaybackStateCompat) -> d
    void onQueueChanged(java.util.List) -> e
    void onQueueTitleChanged(java.lang.CharSequence) -> f
    void onSessionDestroyed() -> g
    void onSessionEvent(java.lang.String,android.os.Bundle) -> h
    void postToHandler(int,java.lang.Object,android.os.Bundle) -> i
android.support.v4.media.session.MediaControllerCompat$Callback$MediaControllerCallbackApi21 -> android.support.v4.media.session.MediaControllerCompat$a$a:
    java.lang.ref.WeakReference mCallback -> a
android.support.v4.media.session.MediaControllerCompat$Callback$MessageHandler -> android.support.v4.media.session.MediaControllerCompat$a$b:
android.support.v4.media.session.MediaControllerCompat$Callback$StubCompat -> android.support.v4.media.session.MediaControllerCompat$a$c:
    java.lang.ref.WeakReference mCallback -> a
    void onSessionDestroyed() -> H
    void onShuffleModeChanged(int) -> H0
    void onSessionReady() -> J0
    void onExtrasChanged(android.os.Bundle) -> K0
    void onMetadataChanged(android.support.v4.media.MediaMetadataCompat) -> L
    void onCaptioningEnabledChanged(boolean) -> R1
    void onQueueChanged(java.util.List) -> V0
    void onRepeatModeChanged(int) -> d0
    void onPlaybackStateChanged(android.support.v4.media.session.PlaybackStateCompat) -> d2
    void onEvent(java.lang.String,android.os.Bundle) -> f2
    void onVolumeInfoChanged(android.support.v4.media.session.ParcelableVolumeInfo) -> p2
    void onShuffleModeChangedRemoved(boolean) -> s
    void onQueueTitleChanged(java.lang.CharSequence) -> t
android.support.v4.media.session.MediaControllerCompat$MediaControllerImplApi21 -> android.support.v4.media.session.MediaControllerCompat$MediaControllerImplApi21:
    java.util.List mPendingCallbacks -> c
    java.lang.Object mLock -> b
    android.media.session.MediaController mControllerFwk -> a
    android.support.v4.media.session.MediaSessionCompat$Token mSessionToken -> e
    java.util.HashMap mCallbackMap -> d
    void processPendingCallbacksLocked() -> a
    void requestExtraBinder() -> b
    void sendCommand(java.lang.String,android.os.Bundle,android.os.ResultReceiver) -> c
android.support.v4.media.session.MediaControllerCompat$MediaControllerImplApi21$ExtraBinderRequestResultReceiver -> android.support.v4.media.session.MediaControllerCompat$MediaControllerImplApi21$ExtraBinderRequestResultReceiver:
    java.lang.ref.WeakReference mMediaControllerImpl -> f