Apps/Vendor/New Owners/build/app/outputs/mapping/release/usage.txt
online.edentech.fuodzvendor.R$anim
online.edentech.fuodzvendor.R$string
online.edentech.fuodzvendor.R$layout
online.edentech.fuodzvendor.R$bool
online.edentech.fuodzvendor.R$drawable
online.edentech.fuodzvendor.R$attr
online.edentech.fuodzvendor.R$id
online.edentech.fuodzvendor.R$color
online.edentech.fuodzvendor.R$interpolator
online.edentech.fuodzvendor.R$integer
online.edentech.fuodzvendor.R$raw
online.edentech.fuodzvendor.R$style
online.edentech.fuodzvendor.R$menu
online.edentech.fuodzvendor.BuildConfig
online.edentech.fuodzvendor.R$styleable
online.edentech.fuodzvendor.R$animator
online.edentech.fuodzvendor.R$xml
online.edentech.fuodzvendor.R
online.edentech.fuodzvendor.R$mipmap
online.edentech.fuodzvendor.R$dimen
...
com.bumptech.glide.util.ViewPreloadSizeProvider
io.flutter.plugins.imagepicker.R$id
android.support.v4.app.INotificationSideChannel$Stub:
    public void <init>()
    public static boolean setDefaultImpl(android.support.v4.app.INotificationSideChannel)
    public android.os.IBinder asBinder()
    public boolean onTransact(int,android.os.Parcel,android.os.Parcel,int)
    private static final java.lang.String DESCRIPTOR
    static final int TRANSACTION_notify
    static final int TRANSACTION_cancel
    static final int TRANSACTION_cancelAll
androidx.media.MediaBrowserServiceCompat$1
com.google.common.hash.Hashing$Md5Holder
io.flutter.plugins.firebase.messaging.FlutterFirebaseMessagingReceiver:
    private static final java.lang.String TAG
androidx.core.app.BundleCompat:
    private void <init>()
androidx.lifecycle.LiveDataReactiveStreams$PublisherLiveData$LiveDataSubscriber$1
com.google.apphosting.datastore.testing.DatastoreTestTrace$FirestoreV1Action$BatchGetDocuments
com.google.common.graph.ImmutableNetwork
androidx.lifecycle.LiveDataReactiveStreams$LiveDataPublisher$LiveDataSubscription$2
androidx.core.app.NavUtils:
    public static void navigateUpFromSameTask(android.app.Activity)
    public static android.content.Intent getParentActivityIntent(android.content.Context,java.lang.Class)
    private void <init>()
    private static final java.lang.String TAG
    public static final java.lang.String PARENT_ACTIVITY
com.google.common.collect.Multisets$DecreasingCount
com.google.common.collect.Maps$2
dev.britannio.in_app_review.R$string
com.google.firebase.crashlytics.internal.persistence.FileStore:
    public void deleteAllCrashlyticsFiles()
    private static final java.lang.String FILES_PATH
    private static final java.lang.String SESSIONS_PATH
    private static final java.lang.String NATIVE_SESSION_SUBDIR
    private static final java.lang.String REPORTS_PATH
    private static final java.lang.String PRIORITY_REPORTS_PATH
    private static final java.lang.String NATIVE_REPORTS_PATH
com.google.common.collect.UnmodifiableSortedMultiset
com.google.common.cache.LocalCache$Strength
kotlinx.coroutines.flow.SharedFlowSlot
androidx.core.net.DatagramSocketWrapper$DatagramSocketImplWrapper
androidx.core.graphics.PathSegment
com.google.common.collect.AbstractMapBasedMultiset$1
com.google.zxing.oned.CodaBarReader:
    private static final float MAX_ACCEPTABLE
    private static final float PADDING
    private static final java.lang.String ALPHABET_STRING
    private static final int MIN_CHARACTER_LENGTH
kotlin.UnsignedKt
com.google.common.base.VerifyException:
    public void <init>()
    public void <init>(java.lang.Throwable)
com.google.api.Distribution$Exemplar$Builder
com.dexterous.flutterlocalnotifications.R$styleable
kotlin.SafePublicationLazyImpl
okio.package-info
com.google.common.collect.Tables$TransposeTable
io.flutter.plugins.flutter_plugin_android_lifecycle.R$attr
org.threeten.bp.chrono.Ser:
    static java.lang.Object read(java.io.ObjectInput)
    private static final long serialVersionUID
    static final byte JAPANESE_DATE_TYPE
    static final byte JAPANESE_ERA_TYPE
    static final byte HIJRAH_DATE_TYPE
    static final byte HIJRAH_ERA_TYPE
    static final byte MINGUO_DATE_TYPE
    static final byte MINGUO_ERA_TYPE
    static final byte THAIBUDDHIST_DATE_TYPE
    static final byte THAIBUDDHIST_ERA_TYPE
    static final byte CHRONO_TYPE
    static final byte CHRONO_LOCALDATETIME_TYPE
    static final byte CHRONO_ZONEDDATETIME_TYPE
com.google.common.util.concurrent.CycleDetectingLockFactory$WithExplicitOrdering
com.google.common.graph.Traverser$InsertionOrder$2
com.squareup.okhttp.internal.framed.FramedConnection$6
androidx.core.database.sqlite.SQLiteCursorCompat
io.flutter.plugins.packageinfo.R$layout
io.flutter.plugins.packageinfo.R$drawable
com.google.common.collect.AbstractMultiset$EntrySet
androidx.legacy.v4.R$dimen